ncsim 14.10-s005
Linux 2.6.32-642.13.1.el6.x86_64 #1 SMP Wed Jan 11 20:56:24 UTC 2017 x86_64
CPU cores: 12
Limit information:
======================================
cputime			unlimited
filesize		unlimited
datasize		unlimited
stacksize		10240 kbytes
coredumpsize	0 kbytes
memoryuse		unlimited
vmemoryuse		unlimited
descriptors		4096
memorylocked	64 kbytes
maxproc			1024
======================================
(Special)Runtime environment variables:

Runtime environment variables:
QTDIR=/usr/lib64/qt-3.3
MODULEPATH=/usr/share/Modules/modulefiles:/etc/modulefiles
SHELL=/bin/tcsh
MACHTYPE=x86_64
LESSOPEN=||/usr/bin/lesspipe.sh %s
SSH_CONNECTION=140.116.1.141 49701 140.116.226.74 22
PATH=/usr/lib64/qt-3.3/bin:/usr/cad/synopsys/verdi/cur/bin:/usr/cad/synopsys/verdi/cur/nLint/bin:/usr/bin/X11:/usr/cad/synopsys/coreConsultant/cur/bin:/usr/cad/synopsys/synthesis/cur/amd64/syn/bin:/usr/cad/synopsys/lc/cur/bin:/usr/cad/synopsys/milkyway/cur/bin/AMD.64:/usr/cad/synopsys/icc/cur/amd64/syn/bin:/usr/cad/cadence/INCISIV/cur/tools/bin:/usr/cad/cadence/INCISIV/cur/tools/vtools/vfault/bin:/usr/cad/cadence/INCISIV/cur/tools/dfII/bin:/usr/local/bin:/bin:/usr/bin
LM_LICENSE_FILE=26585@lsncku:5280@lscic:5280@lsnchu:5280@lscic:
SSH_TTY=/dev/pts/11
VENDOR=unknown
SELINUX_USE_CURRENT_RANGE=
LS_COLORS=rs=0:di=01;34:ln=01;36:mh=00:pi=40;33:so=01;35:do=01;35:bd=40;33;01:cd=40;33;01:or=40;31;01:mi=01;05;37;41:su=37;41:sg=30;43:ca=30;41:tw=30;42:ow=34;42:st=37;44:ex=01;32:*.tar=01;31:*.tgz=01;31:*.arj=01;31:*.taz=01;31:*.lzh=01;31:*.lzma=01;31:*.tlz=01;31:*.txz=01;31:*.zip=01;31:*.z=01;31:*.Z=01;31:*.dz=01;31:*.gz=01;31:*.lz=01;31:*.xz=01;31:*.bz2=01;31:*.tbz=01;31:*.tbz2=01;31:*.bz=01;31:*.tz=01;31:*.deb=01;31:*.rpm=01;31:*.jar=01;31:*.rar=01;31:*.ace=01;31:*.zoo=01;31:*.cpio=01;31:*.7z=01;31:*.rz=01;31:*.jpg=01;35:*.jpeg=01;35:*.gif=01;35:*.bmp=01;35:*.pbm=01;35:*.pgm=01;35:*.ppm=01;35:*.tga=01;35:*.xbm=01;35:*.xpm=01;35:*.tif=01;35:*.tiff=01;35:*.png=01;35:*.svg=01;35:*.svgz=01;35:*.mng=01;35:*.pcx=01;35:*.mov=01;35:*.mpg=01;35:*.mpeg=01;35:*.m2v=01;35:*.mkv=01;35:*.ogm=01;35:*.mp4=01;35:*.m4v=01;35:*.mp4v=01;35:*.vob=01;35:*.qt=01;35:*.nuv=01;35:*.wmv=01;35:*.asf=01;35:*.rm=01;35:*.rmvb=01;35:*.flc=01;35:*.avi=01;35:*.fli=01;35:*.flv=01;35:*.gl=01;35:*.dl=01;35:*.xcf=01;35:*.xwd=01;35:*.yuv=01;35:*.cgm=01;35:*.emf=01;35:*.axv=01;35:*.anx=01;35:*.ogv=01;35:*.ogx=01;35:*.aac=01;36:*.au=01;36:*.flac=01;36:*.mid=01;36:*.midi=01;36:*.mka=01;36:*.mp3=01;36:*.mpc=01;36:*.ogg=01;36:*.ra=01;36:*.wav=01;36:*.axa=01;36:*.oga=01;36:*.spx=01;36:*.xspf=01;36:
SHLIB_PATH=/usr/cad/synopsys/verdi/cur/share/PLI/IUS/LINUX
DISPLAY=localhost:16.0
PWD=/home/student/e94041107/2015
G_BROKEN_FILENAMES=1
MANPATH=/usr/cad/synopsys/synthesis/cur/doc/syn/man
HOME=/home/student
SYNOPSYS=/usr/cad/synopsys/icc/cur
LD_LIBRARY_PATH=/usr/cad/synopsys/verdi/cur/share/PLI/IUS/LINUX/:/usr/cad/cadence/INCISIV/cur/tools/lib:/usr/cad/cadence/INCISIV/cur/tools/vtools/vfault/lib::/usr/openwin/lib:/usr/dt/lib:/usr/lib:/usr/local/lib
MODULESHOME=/usr/share/Modules
SYN_MAN_DIR=/usr/cad/synopsys/synthesis/cur/doc/syn/man
LOGNAME=student
SELINUX_LEVEL_REQUESTED=
HOSTNAME=lab41206
SSH_ASKPASS=/usr/libexec/openssh/gnome-ssh-askpass
OSTYPE=linux
SHLVL=1
USER=student
QTLIB=/usr/lib64/qt-3.3/lib
SYNTHESIS=/usr/cad/synopsys/synthesis/cur
REMOTEHOST=140.116.1.141
CVS_RSH=ssh
MAKEFLAGS=
MFLAGS=
SSH_CLIENT=140.116.1.141 49701 22
MAIL=/var/spool/mail/student
LOADEDMODULES=
HOSTTYPE=x86_64-linux
SELINUX_ROLE_REQUESTED=
GROUP=student
QTINC=/usr/lib64/qt-3.3/include
LANG=en_US.UTF-8
TERM=xterm
HOST=lab41206
MAKELEVEL=1
_IRUNROOT_=/usr/cad/cadence/INCISIV/cur/tools
CDS_ARCH=lnx86
NCRUNMODE=ncverilog:./INCA_libs/irun.lnx86.14.10.nc
IRUNBATCH=FALSE
IMPERAS_PORT_FILE=.vsp_ovp_gdb_port
TCL_LIBRARY=/usr/cad/cadence/INCISIV/cur/tools/inca/files/tcl/library
Runtime command line arguments:
argv[0]=ncverilog
argv[1]=testfixture.v
argv[2]=SET.v
argv[3]=+access+r
argv[4]=+notimingcheck
argv[5]=+define+MD4
78 profile - 100
          CPU/Mem usage: 0.030 sys,  0.010 user,  48.64M sys,  0.00M vm
79 VC callback profile - scalar:0 vector:0
80 Sun Jan 13 21:54:11 2019
81 pliAppInit
82 *Verdi3* : Enable Parallel Dumping.
83 pliAppMiscSet: New Sim Round
84 pliEntryInit
85 LIBSSCORE=found /usr/cad/synopsys/verdi/cur/share/PLI/IUS/LINUX/libsscore_ius141.so through $LD_LIBRARY_PATH setting.
86 argv[0]: SET.fsdb
87 Catch signal 11. Stack trace follows:
#0  0xf77cc430 in __kernel_vsyscall ()
#1  0x00b8f943 in __read_nocancel () from /lib/libc.so.6
#2  0x00b2947b in _IO_new_file_underflow () from /lib/libc.so.6
#3  0x00b2b19b in _IO_default_uflow_internal () from /lib/libc.so.6
#4  0x00b2c7aa in __uflow () from /lib/libc.so.6
#5  0x00b1f0bc in _IO_getline_info_internal () from /lib/libc.so.6
#6  0x00b1f001 in _IO_getline_internal () from /lib/libc.so.6
#7  0x00b1df3a in fgets () from /lib/libc.so.6
#8  0xf6dd9c5a in ndpGetCallStack () from /usr/cad/synopsys/verdi/cur/share/PLI/IUS/LINUX/libsscore_ius141.so
#9  0xf6e10e13 in pliAppDbg_SigHandler () from /usr/cad/synopsys/verdi/cur/share/PLI/IUS/LINUX/libsscore_ius141.so
#10 0xf6dd964d in catchSignalCB () from /usr/cad/synopsys/verdi/cur/share/PLI/IUS/LINUX/libsscore_ius141.so
#11 <signal handler called>
#12 0x0aecebaa in ?? ()
#13 0x0aedc824 in ?? ()
88 FSDB Dumper for IUS, Release Verdi3_J-2014.12-SP3, Linux, 07/05/2015
89 (C) 1996 - 2015 by Synopsys, Inc.
90 sps_call_fsdbDumpfile at 0 : /home/student/e94041107/2015/testfixture.v(37)
91 argv[0]: SET.fsdb
92 *Verdi3* FSDB WARNING: The FSDB file already exists. Overwriting the FSDB file may crash the programs that are using this file.
93 *Verdi3* : Create FSDB file 'SET.fsdb'
94 sps_call_fsdbDumpvars at 0 : /home/student/e94041107/2015/testfixture.v(38)
95 *Verdi3* : Begin traversing the scopes, layer (0).
96 *Verdi3* : End of traversing.
97 fsdbDumpvars traverse var: profile - 
          CPU/Mem usage: 0.030 sys,  0.020 user,  195.04M sys,  0.00M vm
                   incr: 0.000 sys,  0.000 user,  3.65M sys,  0.00M vm
                   accu: 0.000 sys,  0.000 user,  3.65M sys,  0.00M vm
              accu incr: 0.000 sys,  0.000 user,  3.65M sys,  0.00M vm

          Count usage: 61 var,  60 idcode,  60 callback
                 incr: 61 var,  60 idcode,  60 callback
                 accu: 61 var,  60 idcode,  60 callback
            accu incr: 61 var,  60 idcode,  60 callback
98 VC callback profile - scalar:0 vector:0
99 Sun Jan 13 21:54:11 2019
100 fsdbDumpvars: profile - 
          CPU/Mem usage: 0.030 sys,  0.020 user,  196.09M sys,  0.00M vm
                   incr: 0.000 sys,  0.000 user,  1.05M sys,  0.00M vm
                   accu: 0.000 sys,  0.000 user,  4.70M sys,  0.00M vm
              accu incr: 0.000 sys,  0.000 user,  1.05M sys,  0.00M vm

          Count usage: 61 var,  60 idcode,  60 callback
                 incr: 0 var,  0 idcode,  0 callback
                 accu: 61 var,  60 idcode,  60 callback
            accu incr: 0 var,  0 idcode,  0 callback
101 VC callback profile - scalar:14 vector:46
102 Sun Jan 13 21:54:11 2019
103 End of simulation at 16581000
104 VC callback profile - scalar:70064 vector:85294
105 Sun Jan 13 21:54:11 2019
106 Parallel profile    -  Flush:3 ProduceWait:0 ConsumerWait:0 BlockUsed:0
107 SimExit
108 Sim process exit
